
/home/runner/work/exp-amplifier-parameters-iitk/exp-amplifier-parameters-iitk/experiment/simulation/js/main.js
    4:1   warning  's1count' is not defined                no-undef
    5:1   warning  's2count' is not defined                no-undef
    6:1   warning  's3count' is not defined                no-undef
    7:1   warning  'v1coun' is not defined                 no-undef
    8:1   warning  'v2count' is not defined                no-undef
    9:1   warning  'voltage1' is not defined               no-undef
   10:1   warning  'voltage2' is not defined               no-undef
   11:1   warning  'mode' is not defined                   no-undef
   12:1   warning  'r1' is not defined                     no-undef
   13:1   warning  'r2_1' is not defined                   no-undef
   14:1   warning  'r2_2' is not defined                   no-undef
   15:1   warning  'r3' is not defined                     no-undef
   16:1   warning  'r4' is not defined                     no-undef
   17:10  warning  'getVoltage' is defined but never used  no-unused-vars
   19:9   warning  'voltage1' is not defined               no-undef
   20:66  warning  'voltage1' is not defined               no-undef
   21:9   warning  'volt_1' is not defined                 no-undef
   21:61  warning  'voltage1' is not defined               no-undef
   25:9   warning  'voltage2' is not defined               no-undef
   26:66  warning  'voltage2' is not defined               no-undef
   27:9   warning  'volt_2' is not defined                 no-undef
   27:61  warning  'voltage2' is not defined               no-undef
   30:10  warning  'rswitch1' is defined but never used    no-unused-vars
   46:9   warning  'mode' is not defined                   no-undef
   46:35  warning  'mode' is not defined                   no-undef
   46:59  warning  'mode' is not defined                   no-undef
   62:10  warning  'rswitch2' is defined but never used    no-unused-vars
   63:9   warning  'mode' is not defined                   no-undef
   68:13  warning  'switch_2color' is not defined          no-undef
   73:13  warning  'switch_2color' is not defined          no-undef
   80:10  warning  'rswitch3' is defined but never used    no-unused-vars
   82:9   warning  'switch_3color' is not defined          no-undef
   86:9   warning  'switch_3color' is not defined          no-undef
   91:10  warning  'alertfunc' is defined but never used   no-unused-vars
   93:9   warning  'but1' is not defined                   no-undef
   94:9   warning  'but2' is not defined                   no-undef
   95:9   warning  'but3' is not defined                   no-undef
   96:9   warning  'but4' is not defined                   no-undef
   98:9   warning  's2count' is not defined                no-undef
   99:9   warning  'mode' is not defined                   no-undef
  100:21  warning  'mode' is not defined                   no-undef
  109:9   warning  'switch_2color' is not defined          no-undef
  111:9   warning  'switch_3color' is not defined          no-undef
  120:9   warning  'numberOutput' is not defined           no-undef
  121:9   warning  'numberOutput' is not defined           no-undef
  128:9   warning  'but1' is not defined                   no-undef
  129:9   warning  'but2' is not defined                   no-undef
  130:9   warning  'but3' is not defined                   no-undef
  131:9   warning  'but4' is not defined                   no-undef
  133:9   warning  's1count' is not defined                no-undef
  134:9   warning  'mode' is not defined                   no-undef
  143:9   warning  'switch_2color' is not defined          no-undef
  145:9   warning  'switch_3color' is not defined          no-undef
  153:9   warning  'numberOutput' is not defined           no-undef
  154:9   warning  'numberOutput' is not defined           no-undef
  159:9   warning  'but1' is not defined                   no-undef
  160:9   warning  'but2' is not defined                   no-undef
  161:9   warning  'but3' is not defined                   no-undef
  162:9   warning  'but4' is not defined                   no-undef
  164:9   warning  'mode' is not defined                   no-undef
  173:9   warning  'switch_2color' is not defined          no-undef
  175:9   warning  'switch_3color' is not defined          no-undef
  184:9   warning  'numberOutput' is not defined           no-undef
  185:9   warning  'numberOutput' is not defined           no-undef
  191:9   warning  'but1' is not defined                   no-undef
  192:9   warning  'but2' is not defined                   no-undef
  193:9   warning  'but3' is not defined                   no-undef
  194:9   warning  'but4' is not defined                   no-undef
  196:9   warning  'mode' is not defined                   no-undef
  205:9   warning  'switch_2color' is not defined          no-undef
  207:9   warning  'switch_3color' is not defined          no-undef
  216:9   warning  'numberOutput' is not defined           no-undef
  217:9   warning  'numberOutput' is not defined           no-undef
  223:10  warning  'calculate' is defined but never used   no-unused-vars
  225:45  warning  'mode' is not defined                   no-undef
  226:13  warning  'v_out' is not defined                  no-undef
  226:23  warning  'r4' is not defined                     no-undef
  226:29  warning  'r3' is not defined                     no-undef
  226:34  warning  'r4' is not defined                     no-undef
  226:41  warning  'voltage1' is not defined               no-undef
  226:59  warning  'r2_1' is not defined                   no-undef
  226:66  warning  'r3' is not defined                     no-undef
  226:72  warning  'r4' is not defined                     no-undef
  227:58  warning  'v_out' is not defined                  no-undef
  229:51  warning  'mode' is not defined                   no-undef
  229:76  warning  'mode' is not defined                   no-undef
  230:13  warning  'v_out' is not defined                  no-undef
  230:23  warning  'r4' is not defined                     no-undef
  230:29  warning  'r3' is not defined                     no-undef
  230:34  warning  'r4' is not defined                     no-undef
  230:41  warning  'voltage1' is not defined               no-undef
  230:59  warning  'r2_2' is not defined                   no-undef
  230:66  warning  'r3' is not defined                     no-undef
  230:72  warning  'r4' is not defined                     no-undef
  231:58  warning  'v_out' is not defined                  no-undef
  234:13  warning  'v_out' is not defined                  no-undef
  234:22  warning  'voltage2' is not defined               no-undef
  234:33  warning  'voltage1' is not defined               no-undef
  234:46  warning  'r2_2' is not defined                   no-undef
  234:53  warning  'r1' is not defined                     no-undef
  235:58  warning  'v_out' is not defined                  no-undef
  242:45  warning  'mode' is not defined                   no-undef
  244:13  warning  'v_out' is not defined                  no-undef
  244:23  warning  'r4' is not defined                     no-undef
  244:29  warning  'r3' is not defined                     no-undef
  244:34  warning  'r4' is not defined                     no-undef
  244:41  warning  'voltage1' is not defined               no-undef
  244:59  warning  'r2_2' is not defined                   no-undef
  244:66  warning  'r3' is not defined                     no-undef
  244:72  warning  'r4' is not defined                     no-undef
  245:13  warning  'v_in' is not defined                   no-undef
  245:20  warning  'voltage1' is not defined               no-undef
  246:13  warning  'cmrr' is not defined                   no-undef
  246:31  warning  'voltage1' is not defined               no-undef
  246:42  warning  'v_out' is not defined                  no-undef
  246:57  warning  'r2_2' is not defined                   no-undef
  246:64  warning  'r1' is not defined                     no-undef
  247:25  warning  'cmrr' is not defined                   no-undef
  248:13  warning  'numberOutput' is not defined           no-undef
  249:13  warning  'numberOutput' is not defined           no-undef
  249:38  warning  'cmrr' is not defined                   no-undef
  256:45  warning  'mode' is not defined                   no-undef
  260:13  warning  'v_out' is not defined                  no-undef
  260:23  warning  'r4' is not defined                     no-undef
  260:29  warning  'r3' is not defined                     no-undef
  260:34  warning  'r4' is not defined                     no-undef
  260:41  warning  'voltage1' is not defined               no-undef
  260:59  warning  'r2_2' is not defined                   no-undef
  260:66  warning  'r3' is not defined                     no-undef
  260:72  warning  'r4' is not defined                     no-undef
  261:13  warning  'slew_rate' is not defined              no-undef
  261:33  warning  'v_out' is not defined                  no-undef
  262:13  warning  'numberOutput' is not defined           no-undef
  263:13  warning  'numberOutput' is not defined           no-undef
  263:38  warning  'slew_rate' is not defined              no-undef
  272:10  warning  'openNav' is defined but never used     no-unused-vars
  277:10  warning  'closeNav' is defined but never used    no-unused-vars

✖ 137 problems (0 errors, 137 warnings)

